Tue Aug 11 2020 19:34:01 GMT-0500 (hora de verano central): GET /about
Tue Aug 11 2020 19:35:15 GMT-0500 (hora de verano central): GET /about
Tue Aug 11 2020 19:49:17 GMT-0500 (hora de verano central): GET /about
Tue Aug 11 2020 19:50:07 GMT-0500 (hora de verano central): GET /about
Tue Aug 11 2020 19:50:31 GMT-0500 (hora de verano central): GET /about
Tue Aug 11 2020 19:51:11 GMT-0500 (hora de verano central): GET /about
Tue Aug 11 2020 19:51:13 GMT-0500 (hora de verano central): GET /about
Tue Aug 11 2020 19:51:14 GMT-0500 (hora de verano central): GET /about
Tue Aug 11 2020 19:51:40 GMT-0500 (hora de verano central): GET /about
Tue Aug 11 2020 19:51:41 GMT-0500 (hora de verano central): GET /about
Tue Aug 11 2020 19:51:44 GMT-0500 (hora de verano central): GET /about
Tue Aug 11 2020 19:52:48 GMT-0500 (hora de verano central): GET /about
Tue Aug 11 2020 19:53:23 GMT-0500 (hora de verano central): GET /about
Wed Aug 12 2020 17:15:22 GMT-0500 (hora de verano central): GET /about
Wed Aug 12 2020 17:15:25 GMT-0500 (hora de verano central): GET /favicon.ico
Wed Aug 12 2020 17:15:28 GMT-0500 (hora de verano central): GET /help?name=Omar
Wed Aug 12 2020 17:15:30 GMT-0500 (hora de verano central): GET /about
Wed Aug 12 2020 17:16:07 GMT-0500 (hora de verano central): GET /about
Wed Aug 12 2020 17:16:08 GMT-0500 (hora de verano central): GET /about
Wed Aug 12 2020 17:20:41 GMT-0500 (hora de verano central): GET /about
Wed Aug 12 2020 17:20:43 GMT-0500 (hora de verano central): GET /about
Wed Aug 12 2020 17:21:26 GMT-0500 (hora de verano central): GET /menu
Wed Aug 12 2020 17:21:50 GMT-0500 (hora de verano central): GET /help
Wed Aug 12 2020 17:21:54 GMT-0500 (hora de verano central): GET /about
Wed Aug 12 2020 17:21:57 GMT-0500 (hora de verano central): GET /help?name=Omar
Wed Aug 12 2020 17:22:44 GMT-0500 (hora de verano central): GET /help?name=Omar
Wed Aug 12 2020 17:22:45 GMT-0500 (hora de verano central): GET /about
Wed Aug 12 2020 17:22:47 GMT-0500 (hora de verano central): GET /help?name=Omar
Wed Aug 12 2020 17:22:48 GMT-0500 (hora de verano central): GET /about
Wed Aug 12 2020 17:24:39 GMT-0500 (hora de verano central): GET /menu?name=Omar
Wed Aug 12 2020 17:28:58 GMT-0500 (hora de verano central): GET /menu?name=Omar
Wed Aug 12 2020 17:28:58 GMT-0500 (hora de verano central): GET /img/kahn.jpg
Wed Aug 12 2020 17:32:44 GMT-0500 (hora de verano central): GET /menu?name=Omar
Wed Aug 12 2020 17:35:09 GMT-0500 (hora de verano central): GET /menu?name=Omar
Wed Aug 12 2020 17:35:09 GMT-0500 (hora de verano central): GET /img/terStegen.jpg
Wed Aug 12 2020 17:36:25 GMT-0500 (hora de verano central): GET /menu?name=Omar
Wed Aug 12 2020 17:36:25 GMT-0500 (hora de verano central): GET /img/terStegen.jpg
Wed Aug 12 2020 17:36:36 GMT-0500 (hora de verano central): GET /menu?name=Omar
Wed Aug 12 2020 17:36:36 GMT-0500 (hora de verano central): GET /img/terStegen.jpg
Wed Aug 12 2020 17:39:49 GMT-0500 (hora de verano central): GET /menu?name=Omar
Wed Aug 12 2020 17:39:49 GMT-0500 (hora de verano central): GET /img/terStegen.jpg
Wed Aug 12 2020 17:43:21 GMT-0500 (hora de verano central): GET /menu?name=Omar
Wed Aug 12 2020 17:44:07 GMT-0500 (hora de verano central): GET /menu?name=Omar
Wed Aug 12 2020 17:44:07 GMT-0500 (hora de verano central): GET /img/terStegen.jpg
Wed Aug 12 2020 17:44:52 GMT-0500 (hora de verano central): GET /menu?name=Omar
Wed Aug 12 2020 17:45:18 GMT-0500 (hora de verano central): GET /menu?name=Omar
Wed Aug 12 2020 17:45:27 GMT-0500 (hora de verano central): GET /menu?name=Omar
Wed Aug 12 2020 17:46:04 GMT-0500 (hora de verano central): GET /menu?name=Omar
Wed Aug 12 2020 17:46:49 GMT-0500 (hora de verano central): GET /menu?name=Omar
Wed Aug 12 2020 17:46:50 GMT-0500 (hora de verano central): GET /menu?name=Omar
Wed Aug 12 2020 17:47:17 GMT-0500 (hora de verano central): GET /menu?name=Omar
Wed Aug 12 2020 17:47:44 GMT-0500 (hora de verano central): GET /menu?name=Omar
Wed Aug 12 2020 17:48:10 GMT-0500 (hora de verano central): GET /menu?name=Omar
Wed Aug 12 2020 17:49:09 GMT-0500 (hora de verano central): GET /menu?name=Omar
Wed Aug 12 2020 17:52:20 GMT-0500 (hora de verano central): GET /menu?name=Omar
Wed Aug 12 2020 17:56:49 GMT-0500 (hora de verano central): GET /menu?name=Omar
Wed Aug 12 2020 17:56:49 GMT-0500 (hora de verano central): GET /css/styles.css
Wed Aug 12 2020 17:57:56 GMT-0500 (hora de verano central): GET /menu?name=Omar
Wed Aug 12 2020 17:57:56 GMT-0500 (hora de verano central): GET /.../css/styles.css
Wed Aug 12 2020 17:57:57 GMT-0500 (hora de verano central): GET /menu?name=Omar
Wed Aug 12 2020 17:57:57 GMT-0500 (hora de verano central): GET /.../css/styles.css
Wed Aug 12 2020 17:59:03 GMT-0500 (hora de verano central): GET /menu?name=Omar
Wed Aug 12 2020 17:59:03 GMT-0500 (hora de verano central): GET /.../css/styles.css
Wed Aug 12 2020 17:59:04 GMT-0500 (hora de verano central): GET /menu?name=Omar
Wed Aug 12 2020 17:59:04 GMT-0500 (hora de verano central): GET /.../css/styles.css
Wed Aug 12 2020 17:59:18 GMT-0500 (hora de verano central): GET /menu?name=Omar
Wed Aug 12 2020 17:59:18 GMT-0500 (hora de verano central): GET /css/styles.css
Wed Aug 12 2020 17:59:19 GMT-0500 (hora de verano central): GET /menu?name=Omar
Wed Aug 12 2020 17:59:19 GMT-0500 (hora de verano central): GET /css/styles.css
Wed Aug 12 2020 18:00:20 GMT-0500 (hora de verano central): GET /menu?name=Omar
Wed Aug 12 2020 18:00:47 GMT-0500 (hora de verano central): GET /menu?name=Omar
Wed Aug 12 2020 18:00:48 GMT-0500 (hora de verano central): GET /menu?name=Omar
Wed Aug 12 2020 18:01:54 GMT-0500 (hora de verano central): GET /menu?name=Omar
Wed Aug 12 2020 18:01:54 GMT-0500 (hora de verano central): GET /css/styles.css
Wed Aug 12 2020 18:02:52 GMT-0500 (hora de verano central): GET /menu?name=Omar
Wed Aug 12 2020 18:02:52 GMT-0500 (hora de verano central): GET /css/styles.css
Wed Aug 12 2020 18:04:02 GMT-0500 (hora de verano central): GET /menu?name=Omar
Wed Aug 12 2020 18:04:02 GMT-0500 (hora de verano central): GET /css/styles.css
Wed Aug 12 2020 18:04:58 GMT-0500 (hora de verano central): GET /menu?name=Omar
Wed Aug 12 2020 18:04:59 GMT-0500 (hora de verano central): GET /menu?name=Omar
Wed Aug 12 2020 18:05:00 GMT-0500 (hora de verano central): GET /menu?name=Omar
Wed Aug 12 2020 18:06:08 GMT-0500 (hora de verano central): GET /menu?name=Omar
Wed Aug 12 2020 18:06:09 GMT-0500 (hora de verano central): GET /menu?name=Omar
Wed Aug 12 2020 18:06:14 GMT-0500 (hora de verano central): GET /menu?name=Omar
Wed Aug 12 2020 18:07:18 GMT-0500 (hora de verano central): GET /menu?name=Omar
Wed Aug 12 2020 18:08:45 GMT-0500 (hora de verano central): GET /menu?name=Omar
Wed Aug 12 2020 18:09:18 GMT-0500 (hora de verano central): GET /menu?name=Omar
Wed Aug 12 2020 18:12:03 GMT-0500 (hora de verano central): GET /menu?name=Omar
Wed Aug 12 2020 18:13:24 GMT-0500 (hora de verano central): GET /menu?name=Omar
Wed Aug 12 2020 18:32:14 GMT-0500 (hora de verano central): GET /menu?name=Omar
Wed Aug 12 2020 18:32:18 GMT-0500 (hora de verano central): GET /menu?name=Omar
Wed Aug 12 2020 18:32:21 GMT-0500 (hora de verano central): GET /help?name=Omar
Wed Aug 12 2020 18:32:22 GMT-0500 (hora de verano central): GET /menu?name=Omar
Wed Aug 12 2020 18:32:26 GMT-0500 (hora de verano central): GET /help?name=Omar
Wed Aug 12 2020 18:32:27 GMT-0500 (hora de verano central): GET /about
Wed Aug 12 2020 18:32:28 GMT-0500 (hora de verano central): GET /menu?name=Omar
Wed Aug 12 2020 18:38:05 GMT-0500 (hora de verano central): GET /menu?name=Omar
Wed Aug 12 2020 18:38:15 GMT-0500 (hora de verano central): GET /about
Wed Aug 12 2020 18:38:16 GMT-0500 (hora de verano central): GET /help?name=Omar
Wed Aug 12 2020 18:38:18 GMT-0500 (hora de verano central): GET /menu?name=Omar
Wed Aug 12 2020 18:39:03 GMT-0500 (hora de verano central): GET /menu?name=Omar
Wed Aug 12 2020 18:41:10 GMT-0500 (hora de verano central): GET /menu?name=Omar
Wed Aug 12 2020 18:41:16 GMT-0500 (hora de verano central): GET /about
Wed Aug 12 2020 18:41:18 GMT-0500 (hora de verano central): GET /help?name=Omar
Wed Aug 12 2020 18:41:20 GMT-0500 (hora de verano central): GET /menu?name=Omar
Wed Aug 12 2020 18:42:31 GMT-0500 (hora de verano central): GET /help?name=Omar
Wed Aug 12 2020 18:42:33 GMT-0500 (hora de verano central): GET /menu?name=Omar
Wed Aug 12 2020 18:45:32 GMT-0500 (hora de verano central): GET /about
Wed Aug 12 2020 18:45:34 GMT-0500 (hora de verano central): GET /help?name=Omar
Wed Aug 12 2020 18:45:36 GMT-0500 (hora de verano central): GET /menu?name=Omar
Wed Aug 12 2020 18:47:14 GMT-0500 (hora de verano central): GET /about
Wed Aug 12 2020 18:47:16 GMT-0500 (hora de verano central): GET /help?name=Omar
Wed Aug 12 2020 18:47:18 GMT-0500 (hora de verano central): GET /menu?name=Omar
Wed Aug 12 2020 18:52:58 GMT-0500 (hora de verano central): GET /menu?name=Omar
Wed Aug 12 2020 18:52:58 GMT-0500 (hora de verano central): GET /help?name=Omar
Wed Aug 12 2020 18:53:00 GMT-0500 (hora de verano central): GET /about
Wed Aug 12 2020 19:06:12 GMT-0500 (hora de verano central): GET /menu?name=Omar
